c:\users\zbign\desktop\form\form\debug\form.pch
c:\users\zbign\desktop\form\form\debug\vc142.pdb
c:\users\zbign\desktop\form\form\debug\pch.obj
c:\users\zbign\desktop\form\form\debug\myform.obj
c:\users\zbign\desktop\form\form\debug\form.obj
c:\users\zbign\desktop\form\form\debug\assemblyinfo.obj
c:\users\zbign\desktop\form\form\debug\.netframework,version=v4.7.2.assemblyattributes.obj
c:\users\wcisl\onedrive\pulpit\form\debug\form.pch
c:\users\wcisl\onedrive\pulpit\form\debug\vc143.pdb
c:\users\wcisl\onedrive\pulpit\form\debug\pch.obj
c:\users\zbign\desktop\form\form\debug\form.exe
c:\users\zbign\desktop\form\form\debug\form.pdb
c:\users\zbign\desktop\form\form\debug\app.res
c:\users\wcisl\onedrive\pulpit\form\debug\form.vcxproj.assemblyreference.cache
c:\users\wcisl\onedrive\pulpit\form\debug\form.vcxproj.suggestedbindingredirects.cache
c:\users\wcisl\onedrive\pulpit\form\debug\.netframework,version=v4.7.2.assemblyattributes.obj
c:\users\wcisl\onedrive\pulpit\form\debug\assemblyinfo.obj
c:\users\wcisl\onedrive\pulpit\form\debug\form.obj
c:\users\wcisl\onedrive\pulpit\form\debug\myform.obj
c:\users\wcisl\onedrive\pulpit\form\debug\app.res
c:\users\wcisl\onedrive\pulpit\form\debug\form.pdb
c:\users\wcisl\onedrive\pulpit\form\debug\vc142.pdb
c:\users\wcisl\onedrive\pulpit\form\debug\form.exe.metagen
c:\users\wcisl\onedrive\pulpit\form\debug\form.exe
c:\users\wcisl\onedrive\pulpit\form\debug\form.tlog\cl.command.1.tlog
c:\users\wcisl\onedrive\pulpit\form\debug\form.tlog\cl.read.1.tlog
c:\users\wcisl\onedrive\pulpit\form\debug\form.tlog\cl.write.1.tlog
c:\users\wcisl\onedrive\pulpit\form\debug\form.tlog\link.command.1.tlog
c:\users\wcisl\onedrive\pulpit\form\debug\form.tlog\link.read.1.tlog
c:\users\wcisl\onedrive\pulpit\form\debug\form.tlog\link.write.1.tlog
c:\users\wcisl\onedrive\pulpit\form\debug\form.tlog\metagen.read.1.tlog
c:\users\wcisl\onedrive\pulpit\form\debug\form.tlog\metagen.write.1.tlog
c:\users\wcisl\onedrive\pulpit\form\debug\form.tlog\rc.command.1.tlog
c:\users\wcisl\onedrive\pulpit\form\debug\form.tlog\rc.read.1.tlog
c:\users\wcisl\onedrive\pulpit\form\debug\form.tlog\rc.write.1.tlog
